PGL/android/app/build/intermediates/manifest_merge_blame_file/debug/manifest-merger-blame-debug-report.txt
1<?xml version="1.0" encoding="utf-8"?>
2<manifest xmlns:android="http://schemas.android.com/apk/res/android"
3    package="es.iespto.agl.dosier1"
4    android:versionCode="1"
5    android:versionName="1.0" >
6
7    <uses-sdk
8        android:minSdkVersion="28"
9        android:targetSdkVersion="33" />
10
11    <uses-permission android:name="android.permission.INTERNET" />
11-->src\main\AndroidManifest.xml:5:5-67
11-->src\main\AndroidManifest.xml:5:22-64
12
13    <uses-feature
13-->src\main\AndroidManifest.xml:6:5-8:36
14        android:name="android.hardware.telephony"
14-->src\main\AndroidManifest.xml:7:9-50
15        android:required="false" />
15-->src\main\AndroidManifest.xml:8:9-33
16
17    <uses-permission android:name="android.permission.CALL_PHONE" />
17-->src\main\AndroidManifest.xml:10:5-69
17-->src\main\AndroidManifest.xml:10:22-66
18    <uses-permission android:name="android.permission.ACCESS_FINE_LOCATION" />
18-->src\main\AndroidManifest.xml:11:5-12:45
18-->src\main\AndroidManifest.xml:11:22-76
19
20    <permission
20-->[androidx.core:core:1.9.0] AndroidManifest.xml:22:5-24:47
21        android:name="es.iespto.agl.dosier1.DYNAMIC_RECEIVER_NOT_EXPORTED_PERMISSION"
21-->[androidx.core:core:1.9.0] AndroidManifest.xml:23:9-81
22        android:protectionLevel="signature" />
22-->[androidx.core:core:1.9.0] AndroidManifest.xml:24:9-44
23
24    <uses-permission android:name="es.iespto.agl.dosier1.DYNAMIC_RECEIVER_NOT_EXPORTED_PERMISSION" />
24-->[androidx.core:core:1.9.0] AndroidManifest.xml:26:5-97
24-->[androidx.core:core:1.9.0] AndroidManifest.xml:26:22-94
25
26    <application
26-->src\main\AndroidManifest.xml:14:5-80:19
27        android:allowBackup="true"
27-->src\main\AndroidManifest.xml:15:9-35
28        android:appComponentFactory="androidx.core.app.CoreComponentFactory"
28-->[androidx.core:core:1.9.0] AndroidManifest.xml:28:18-86
29        android:dataExtractionRules="@xml/data_extraction_rules"
29-->src\main\AndroidManifest.xml:16:9-65
30        android:debuggable="true"
31        android:extractNativeLibs="false"
32        android:fullBackupContent="@xml/backup_rules"
32-->src\main\AndroidManifest.xml:17:9-54
33        android:icon="@mipmap/ic_launcher"
33-->src\main\AndroidManifest.xml:18:9-43
34        android:label="@string/app_name"
34-->src\main\AndroidManifest.xml:19:9-41
35        android:roundIcon="@mipmap/ic_launcher_round"
35-->src\main\AndroidManifest.xml:20:9-54
36        android:supportsRtl="true"
36-->src\main\AndroidManifest.xml:21:9-35
37        android:testOnly="true"
38        android:theme="@style/Theme.MyApplication" >
38-->src\main\AndroidManifest.xml:22:9-51
39        <activity
39-->src\main\AndroidManifest.xml:25:9-28:20
40            android:name="es.iespto.agl.dosier1.MainActivity"
40-->src\main\AndroidManifest.xml:26:13-41
41            android:exported="true" >
41-->src\main\AndroidManifest.xml:27:13-36
42        </activity>
43        <activity
43-->src\main\AndroidManifest.xml:30:9-33:20
44            android:name="es.iespto.agl.dosier1.Practica01"
44-->src\main\AndroidManifest.xml:31:13-39
45            android:exported="true" >
45-->src\main\AndroidManifest.xml:32:13-36
46        </activity>
47        <activity
47-->src\main\AndroidManifest.xml:35:9-38:20
48            android:name="es.iespto.agl.dosier1.Practica14"
48-->src\main\AndroidManifest.xml:36:13-39
49            android:exported="true" >
49-->src\main\AndroidManifest.xml:37:13-36
50        </activity>
51        <activity
51-->src\main\AndroidManifest.xml:40:9-43:20
52            android:name="es.iespto.agl.dosier1.Practica15"
52-->src\main\AndroidManifest.xml:41:13-39
53            android:exported="true" >
53-->src\main\AndroidManifest.xml:42:13-36
54        </activity>
55        <activity
55-->src\main\AndroidManifest.xml:45:9-49:20
56            android:name="es.iespto.agl.dosier1.Practica19"
56-->src\main\AndroidManifest.xml:46:13-39
57            android:exported="true" >
57-->src\main\AndroidManifest.xml:47:13-36
58        </activity>
59        <activity
59-->src\main\AndroidManifest.xml:51:9-54:20
60            android:name="es.iespto.agl.dosier1.Practica20"
60-->src\main\AndroidManifest.xml:52:13-39
61            android:exported="true" >
61-->src\main\AndroidManifest.xml:53:13-36
62        </activity>
63        <activity
63-->src\main\AndroidManifest.xml:56:9-59:20
64            android:name="es.iespto.agl.dosier1.Practica21"
64-->src\main\AndroidManifest.xml:57:13-39
65            android:exported="true" >
65-->src\main\AndroidManifest.xml:58:13-36
66        </activity>
67        <activity
67-->src\main\AndroidManifest.xml:61:9-64:20
68            android:name="es.iespto.agl.dosier1.Practica22"
68-->src\main\AndroidManifest.xml:62:13-39
69            android:exported="true" >
69-->src\main\AndroidManifest.xml:63:13-36
70        </activity>
71        <activity
71-->src\main\AndroidManifest.xml:66:9-74:20
72            android:name="es.iespto.agl.dosier1.Practica23"
72-->src\main\AndroidManifest.xml:67:13-39
73            android:exported="true" >
73-->src\main\AndroidManifest.xml:68:13-36
74            <intent-filter>
74-->src\main\AndroidManifest.xml:69:13-73:29
75                <action android:name="android.intent.action.MAIN" />
75-->src\main\AndroidManifest.xml:70:17-69
75-->src\main\AndroidManifest.xml:70:25-66
76
77                <category android:name="android.intent.category.LAUNCHER" />
77-->src\main\AndroidManifest.xml:72:17-77
77-->src\main\AndroidManifest.xml:72:27-74
78            </intent-filter>
79        </activity>
80        <activity
80-->src\main\AndroidManifest.xml:76:9-79:20
81            android:name="es.iespto.agl.dosier1.Practica26"
81-->src\main\AndroidManifest.xml:77:13-39
82            android:exported="true" >
82-->src\main\AndroidManifest.xml:78:13-36
83        </activity>
84
85        <provider
85-->[androidx.emoji2:emoji2:1.2.0] AndroidManifest.xml:24:9-32:20
86            android:name="androidx.startup.InitializationProvider"
86-->[androidx.emoji2:emoji2:1.2.0] AndroidManifest.xml:25:13-67
87            android:authorities="es.iespto.agl.dosier1.androidx-startup"
87-->[androidx.emoji2:emoji2:1.2.0] AndroidManifest.xml:26:13-68
88            android:exported="false" >
88-->[androidx.emoji2:emoji2:1.2.0] AndroidManifest.xml:27:13-37
89            <meta-data
89-->[androidx.emoji2:emoji2:1.2.0] AndroidManifest.xml:29:13-31:52
90                android:name="androidx.emoji2.text.EmojiCompatInitializer"
90-->[androidx.emoji2:emoji2:1.2.0] AndroidManifest.xml:30:17-75
91                android:value="androidx.startup" />
91-->[androidx.emoji2:emoji2:1.2.0] AndroidManifest.xml:31:17-49
92            <meta-data
92-->[androidx.lifecycle:lifecycle-process:2.4.1] AndroidManifest.xml:31:13-33:52
93                android:name="androidx.lifecycle.ProcessLifecycleInitializer"
93-->[androidx.lifecycle:lifecycle-process:2.4.1] AndroidManifest.xml:32:17-78
94                android:value="androidx.startup" />
94-->[androidx.lifecycle:lifecycle-process:2.4.1] AndroidManifest.xml:33:17-49
95        </provider>
96    </application>
97
98</manifest>